MHP_RS00555.VFG043642_gb_WP_011205946_.Mycoplasma_hyopneumoniae_232 was removed because it failed filtering checks, so removing its metadata
MHP_RS03455.VFG046120_gb_WP_011206514_.Mycoplasma_hyopneumoniae_232 was removed because it failed filtering checks, so removing its metadata
MPN_RS02090.VFG043671_gb_WP_010874728_.Mycoplasma_pneumoniae_M129 was removed because it failed filtering checks, so removing its metadata
VFG000224 was removed because it failed filtering checks, so removing its metadata
VFG000226 was removed because it failed filtering checks, so removing its metadata
VFG000229 was removed because it failed filtering checks, so removing its metadata
VFG000231 was removed because it failed filtering checks, so removing its metadata
VFG000248 was removed because it failed filtering checks, so removing its metadata
VFG000251 was removed because it failed filtering checks, so removing its metadata
VFG000281 was removed because it failed filtering checks, so removing its metadata
VFG000319 was removed because it failed filtering checks, so removing its metadata
VFG000342 was removed because it failed filtering checks, so removing its metadata
VFG001297 was removed because it failed filtering checks, so removing its metadata
VFG002056 was removed because it failed filtering checks, so removing its metadata
VFG002394 was removed because it failed filtering checks, so removing its metadata
VFG005653 was removed because it failed filtering checks, so removing its metadata
VFG006217 was removed because it failed filtering checks, so removing its metadata
VFG006607 was removed because it failed filtering checks, so removing its metadata
VFG006691 was removed because it failed filtering checks, so removing its metadata
VFG011140 was removed because it failed filtering checks, so removing its metadata
VFG012115 was removed because it failed filtering checks, so removing its metadata
VFG012865 was removed because it failed filtering checks, so removing its metadata
VFG013066 was removed because it failed filtering checks, so removing its metadata
VFG013357 was removed because it failed filtering checks, so removing its metadata
VFG013395 was removed because it failed filtering checks, so removing its metadata
VFG013604 was removed because it failed filtering checks, so removing its metadata
VFG034739 was removed because it failed filtering checks, so removing its metadata
VFG034756 was removed because it failed filtering checks, so removing its metadata
VFG034795 was removed because it failed filtering checks, so removing its metadata
VFG034832 was removed because it failed filtering checks, so removing its metadata
VFG034842 was removed because it failed filtering checks, so removing its metadata
VFG034997 was removed because it failed filtering checks, so removing its metadata
VFG035055 was removed because it failed filtering checks, so removing its metadata
VFG037573 was removed because it failed filtering checks, so removing its metadata
VFG037650 was removed because it failed filtering checks, so removing its metadata
VFG038032 was removed because it failed filtering checks, so removing its metadata
VFG038077 was removed because it failed filtering checks, so removing its metadata
VFG038356 was removed because it failed filtering checks, so removing its metadata
VFG038735 was removed because it failed filtering checks, so removing its metadata
VFG038968 was removed because it failed filtering checks, so removing its metadata
VFG039221 was removed because it failed filtering checks, so removing its metadata
VFG039263 was removed because it failed filtering checks, so removing its metadata
VFG039297 was removed because it failed filtering checks, so removing its metadata
VFG039306 was removed because it failed filtering checks, so removing its metadata
VFG039392 was removed because it failed filtering checks, so removing its metadata
VFG039415 was removed because it failed filtering checks, so removing its metadata
VFG039436 was removed because it failed filtering checks, so removing its metadata
VFG039441 was removed because it failed filtering checks, so removing its metadata
VFG039469 was removed because it failed filtering checks, so removing its metadata
VFG039479 was removed because it failed filtering checks, so removing its metadata
VFG039506 was removed because it failed filtering checks, so removing its metadata
VFG039517 was removed because it failed filtering checks, so removing its metadata
VFG039610 was removed because it failed filtering checks, so removing its metadata
VFG039686 was removed because it failed filtering checks, so removing its metadata
VFG040866 was removed because it failed filtering checks, so removing its metadata
VFG042849 was removed because it failed filtering checks, so removing its metadata
VFG042971 was removed because it failed filtering checks, so removing its metadata
VFG042975 was removed because it failed filtering checks, so removing its metadata
VFG045311 was removed because it failed filtering checks, so removing its metadata
VFG045322 was removed because it failed filtering checks, so removing its metadata
VFG045351 was removed because it failed filtering checks, so removing its metadata
VFG045352 was removed because it failed filtering checks, so removing its metadata
VFG045354 was removed because it failed filtering checks, so removing its metadata
VFG045356 was removed because it failed filtering checks, so removing its metadata
VFG045363 was removed because it failed filtering checks, so removing its metadata
VFG045364 was removed because it failed filtering checks, so removing its metadata
VFG045366 was removed because it failed filtering checks, so removing its metadata
VFG045367 was removed because it failed filtering checks, so removing its metadata
VFG045380 was removed because it failed filtering checks, so removing its metadata
VFG045382 was removed because it failed filtering checks, so removing its metadata
VFG045389 was removed because it failed filtering checks, so removing its metadata
VFG045392 was removed because it failed filtering checks, so removing its metadata
VFG045397 was removed because it failed filtering checks, so removing its metadata
VFG045398 was removed because it failed filtering checks, so removing its metadata
VFG045401 was removed because it failed filtering checks, so removing its metadata
VFG045404 was removed because it failed filtering checks, so removing its metadata
VFG045405 was removed because it failed filtering checks, so removing its metadata
VFG045406 was removed because it failed filtering checks, so removing its metadata
VFG045410 was removed because it failed filtering checks, so removing its metadata
VFG045412 was removed because it failed filtering checks, so removing its metadata
VFG045415 was removed because it failed filtering checks, so removing its metadata
VFG045416 was removed because it failed filtering checks, so removing its metadata
VFG045417 was removed because it failed filtering checks, so removing its metadata
VFG045419 was removed because it failed filtering checks, so removing its metadata
VFG045420 was removed because it failed filtering checks, so removing its metadata
VFG045421 was removed because it failed filtering checks, so removing its metadata
VFG045423 was removed because it failed filtering checks, so removing its metadata
VFG045427 was removed because it failed filtering checks, so removing its metadata
VFG045429 was removed because it failed filtering checks, so removing its metadata
VFG045430 was removed because it failed filtering checks, so removing its metadata
VFG045433 was removed because it failed filtering checks, so removing its metadata
VFG045435 was removed because it failed filtering checks, so removing its metadata
VFG045436 was removed because it failed filtering checks, so removing its metadata
VFG045442 was removed because it failed filtering checks, so removing its metadata
VFG045443 was removed because it failed filtering checks, so removing its metadata
VFG045444 was removed because it failed filtering checks, so removing its metadata
VFG045445 was removed because it failed filtering checks, so removing its metadata
VFG045446 was removed because it failed filtering checks, so removing its metadata
VFG045447 was removed because it failed filtering checks, so removing its metadata
VFG045449 was removed because it failed filtering checks, so removing its metadata
VFG045450 was removed because it failed filtering checks, so removing its metadata
VFG045451 was removed because it failed filtering checks, so removing its metadata
VFG045455 was removed because it failed filtering checks, so removing its metadata
VFG045456 was removed because it failed filtering checks, so removing its metadata
VFG045457 was removed because it failed filtering checks, so removing its metadata
VFG045458 was removed because it failed filtering checks, so removing its metadata
VFG045459 was removed because it failed filtering checks, so removing its metadata
VFG045460 was removed because it failed filtering checks, so removing its metadata
VFG046152 was removed because it failed filtering checks, so removing its metadata
VFG046169 was removed because it failed filtering checks, so removing its metadata
VFG046172 was removed because it failed filtering checks, so removing its metadata
VFG046191 was removed because it failed filtering checks, so removing its metadata
VFG049900 was removed because it failed filtering checks, so removing its metadata
VFG049904 was removed because it failed filtering checks, so removing its metadata
VFG049906 was removed because it failed filtering checks, so removing its metadata
VFG049912 was removed because it failed filtering checks, so removing its metadata
bmaC.VFG051131_gb_WP_006191504.1_.Brucella_suis_1330 was removed because it failed filtering checks, so removing its metadata
cesA.VFG050115_gb_WP_002081542_.Bacillus_cereus_AH187 was removed because it failed filtering checks, so removing its metadata
espT.VFG042219_gb_CAX32470_.Escherichia_coli_ONT_H__str._FV11678 was removed because it failed filtering checks, so removing its metadata
fhaB.VFG000001_gb_WP_010930610_.Bordetella_pertussis_Tohama_I was removed because it failed filtering checks, so removing its metadata
hmw1.VFG002035_gb_WP_010874803_.Mycoplasma_pneumoniae_M129 was removed because it failed filtering checks, so removing its metadata
hmw2.VFG002029_gb_WP_010874666_.Mycoplasma_pneumoniae_M129 was removed because it failed filtering checks, so removing its metadata
hmw3.VFG002034_gb_WP_010874808_.Mycoplasma_pneumoniae_M129 was removed because it failed filtering checks, so removing its metadata
invC_ilp.VFG013647_gb_WP_041175806_.Yersinia_pseudotuberculosis_IP_31758 was removed because it failed filtering checks, so removing its metadata
mhp107.VFG046118_gb_WP_011205945_.Mycoplasma_hyopneumoniae_232 was removed because it failed filtering checks, so removing its metadata
mhp271.VFG043500_gb_WP_011206108_.Mycoplasma_hyopneumoniae_232 was removed because it failed filtering checks, so removing its metadata
mhp385.VFG046119_gb_WP_011206220_.Mycoplasma_hyopneumoniae_232 was removed because it failed filtering checks, so removing its metadata
orf6_p40_p90_mgpC_crmA.VFG002030_gb_WP_010874499_.Mycoplasma_pneumoniae_M129 was removed because it failed filtering checks, so removing its metadata
p102.VFG016466_gb_WP_011206019_.Mycoplasma_hyopneumoniae_232 was removed because it failed filtering checks, so removing its metadata
p1_MgPa_gapA.VFG002033_gb_WP_010874498_.Mycoplasma_pneumoniae_M129 was removed because it failed filtering checks, so removing its metadata
p216.VFG016472_gb_WP_011206327_.Mycoplasma_hyopneumoniae_232 was removed because it failed filtering checks, so removing its metadata
p30_p32.VFG002036_gb_WP_010874809_.Mycoplasma_pneumoniae_M129 was removed because it failed filtering checks, so removing its metadata
p65.VFG002031_gb_WP_010874665_.Mycoplasma_pneumoniae_M129 was removed because it failed filtering checks, so removing its metadata
p97.VFG016463_gb_WP_011206020_.Mycoplasma_hyopneumoniae_232 was removed because it failed filtering checks, so removing its metadata
pvdI.VFG016041_gb_NP_251092_.Pseudomonas_aeruginosa_PAO1 was removed because it failed filtering checks, so removing its metadata
pvdL.VFG016058_gb_NP_251114_.Pseudomonas_aeruginosa_PAO1 was removed because it failed filtering checks, so removing its metadata
rtxA.VFG000983_gb_WP_000517827_.Vibrio_cholerae_O1_biovar_El_Tor_str._N16961 was removed because it failed filtering checks, so removing its metadata
rtxA.VFG010851_gb_WP_011213234_.Legionella_pneumophila_str._Paris was removed because it failed filtering checks, so removing its metadata
rtxA.VFG038912_gb_WP_011705266_.Aeromonas_hydrophila_subsp._hydrophila_ATCC_7966 was removed because it failed filtering checks, so removing its metadata
